<?xml version="1.0" encoding="UTF-8"?>
<!-- Generated by org.testng.reporters.JUnitXMLReporter -->
<testsuite ignored="0" hostname="DESKTOP-TBNQDBC" failures="0" tests="8" name="Any-Do web Test" time="247.498" errors="0" timestamp="04 Jan 2022 06:42:12 GMT">
  <testcase classname="com.inetbanking.testCases.TC_LoginTest_001" name="LoginTest_1" time="16.402"/>
  <testcase classname="com.inetbanking.testCases.TC_LoginTest_002" name="LoginTest_2" time="22.549"/>
  <testcase classname="com.inetbanking.testCases.TC_LoginTest_003" name="LoginTest_3" time="17.564"/>
  <testcase classname="com.inetbanking.testCases.TC_LoginTest_004" name="LoginTest_4" time="19.024"/>
  <testcase classname="com.inetbanking.testCases.TC_LoginTest_005" name="LoginTest_5" time="22.944"/>
  <testcase classname="com.inetbanking.testCases.TC_LoginTest_006" name="LoginTest_6" time="12.907"/>
  <testcase classname="com.inetbanking.testCases.TC_LoginTest_007" name="LoginTest_7" time="13.982"/>
  <testcase classname="com.inetbanking.testCases.TC_LoginTest_008" name="LoginTest_8" time="22.641"/>
</testsuite> <!-- Any-Do web Test -->
