<?xml version="1.0" encoding="UTF-8"?>
<!-- Generated by org.testng.reporters.JUnitXMLReporter -->
<testsuite hostname="DESKTOP-TBNQDBC" ignored="0" name="Any-Do web Test" tests="8" failures="0" timestamp="04 Jan 2022 09:29:14 GMT" time="298.022" errors="0">
  <testcase name="LoginTest_1" time="21.492" classname="com.inetbanking.testCases.TC_LoginTest_001"/>
  <testcase name="LoginTest_2" time="33.543" classname="com.inetbanking.testCases.TC_LoginTest_002"/>
  <testcase name="LoginTest_3" time="17.021" classname="com.inetbanking.testCases.TC_LoginTest_003"/>
  <testcase name="LoginTest_4" time="22.096" classname="com.inetbanking.testCases.TC_LoginTest_004"/>
  <testcase name="LoginTest_5" time="23.688" classname="com.inetbanking.testCases.TC_LoginTest_005"/>
  <testcase name="LoginTest_6" time="14.173" classname="com.inetbanking.testCases.TC_LoginTest_006"/>
  <testcase name="LoginTest_7" time="15.757" classname="com.inetbanking.testCases.TC_LoginTest_007"/>
  <testcase name="LoginTest_8" time="25.682" classname="com.inetbanking.testCases.TC_LoginTest_008"/>
</testsuite> <!-- Any-Do web Test -->
